<?xml version="1.0" encoding="UTF-8"?>
<!-- Generated by org.testng.reporters.JUnitReportReporter -->
<testsuite hostname="LIN80030175" failures="0" tests="3" name="com.browserstack.LocalTest" time="39.806" errors="0" timestamp="2022-09-18T12:51:33 IST" skipped="0">
  <testcase classname="com.browserstack.LocalTest" name="test" time="12.686"/>
  <system-out/>
  <testcase classname="com.browserstack.LocalTest" name="test" time="14.610"/>
  <system-out/>
  <testcase classname="com.browserstack.LocalTest" name="test" time="12.510"/>
  <system-out/>
</testsuite> <!-- com.browserstack.LocalTest -->
